# Logfile created on 2014-12-21 20:51:19 +0100 by logger.rb/41954
I, [2014-12-21T20:51:19.691506 #2041]  INFO -- : 0:  rake (10.4.2) from /Users/sikanrong/.rvm/gems/ruby-2.0.0-p353/specifications/rake-10.4.2.gemspec
I, [2014-12-21T20:51:21.250855 #2041]  INFO -- : 0:  i18n (0.7.0) from /Users/sikanrong/.rvm/gems/ruby-2.0.0-p353/specifications/i18n-0.7.0.gemspec
I, [2014-12-21T20:51:21.251215 #2041]  INFO -- : 0:  minitest (4.7.5) from /Users/sikanrong/.rvm/gems/ruby-2.0.0-p353/specifications/minitest-4.7.5.gemspec
I, [2014-12-21T20:51:21.251474 #2041]  INFO -- : 0:  multi_json (1.10.1) from /Users/sikanrong/.rvm/gems/ruby-2.0.0-p353/specifications/multi_json-1.10.1.gemspec
I, [2014-12-21T20:51:21.251722 #2041]  INFO -- : 0:  thread_safe (0.3.4) from /Users/sikanrong/.rvm/gems/ruby-2.0.0-p353/specifications/thread_safe-0.3.4.gemspec
I, [2014-12-21T20:51:21.251973 #2041]  INFO -- : 0:  tzinfo (0.3.42) from /Users/sikanrong/.rvm/gems/ruby-2.0.0-p353/specifications/tzinfo-0.3.42.gemspec
I, [2014-12-21T20:51:21.252216 #2041]  INFO -- : 0:  activesupport (4.0.2) from /Users/sikanrong/.rvm/gems/ruby-2.0.0-p353/specifications/activesupport-4.0.2.gemspec
I, [2014-12-21T20:51:21.252441 #2041]  INFO -- : 0:  builder (3.1.4) from /Users/sikanrong/.rvm/gems/ruby-2.0.0-p353/specifications/builder-3.1.4.gemspec
I, [2014-12-21T20:51:21.252666 #2041]  INFO -- : 0:  erubis (2.7.0) from /Users/sikanrong/.rvm/gems/ruby-2.0.0-p353/specifications/erubis-2.7.0.gemspec
I, [2014-12-21T20:51:21.252894 #2041]  INFO -- : 0:  rack (1.5.2) from /Users/sikanrong/.rvm/gems/ruby-2.0.0-p353/specifications/rack-1.5.2.gemspec
I, [2014-12-21T20:51:21.253121 #2041]  INFO -- : 0:  rack-test (0.6.2) from /Users/sikanrong/.rvm/gems/ruby-2.0.0-p353/specifications/rack-test-0.6.2.gemspec
I, [2014-12-21T20:51:21.253352 #2041]  INFO -- : 0:  actionpack (4.0.2) from /Users/sikanrong/.rvm/gems/ruby-2.0.0-p353/specifications/actionpack-4.0.2.gemspec
I, [2014-12-21T20:51:21.253576 #2041]  INFO -- : 0:  mime-types (1.25.1) from /Users/sikanrong/.rvm/gems/ruby-2.0.0-p353/specifications/mime-types-1.25.1.gemspec
I, [2014-12-21T20:51:21.253845 #2041]  INFO -- : 0:  polyglot (0.3.5) from /Users/sikanrong/.rvm/gems/ruby-2.0.0-p353/specifications/polyglot-0.3.5.gemspec
I, [2014-12-21T20:51:21.254112 #2041]  INFO -- : 0:  treetop (1.4.15) from /Users/sikanrong/.rvm/gems/ruby-2.0.0-p353/specifications/treetop-1.4.15.gemspec
I, [2014-12-21T20:51:21.254347 #2041]  INFO -- : 0:  mail (2.5.4) from /Users/sikanrong/.rvm/gems/ruby-2.0.0-p353/specifications/mail-2.5.4.gemspec
I, [2014-12-21T20:51:21.254735 #2041]  INFO -- : 0:  actionmailer (4.0.2) from /Users/sikanrong/.rvm/gems/ruby-2.0.0-p353/specifications/actionmailer-4.0.2.gemspec
I, [2014-12-21T20:51:21.255186 #2041]  INFO -- : 0:  activemodel (4.0.2) from /Users/sikanrong/.rvm/gems/ruby-2.0.0-p353/specifications/activemodel-4.0.2.gemspec
I, [2014-12-21T20:51:21.255458 #2041]  INFO -- : 0:  activerecord-deprecated_finders (1.0.3) from /Users/sikanrong/.rvm/gems/ruby-2.0.0-p353/specifications/activerecord-deprecated_finders-1.0.3.gemspec
I, [2014-12-21T20:51:21.255714 #2041]  INFO -- : 0:  arel (4.0.2) from /Users/sikanrong/.rvm/gems/ruby-2.0.0-p353/specifications/arel-4.0.2.gemspec
I, [2014-12-21T20:51:21.255974 #2041]  INFO -- : 0:  activerecord (4.0.2) from /Users/sikanrong/.rvm/gems/ruby-2.0.0-p353/specifications/activerecord-4.0.2.gemspec
I, [2014-12-21T20:51:21.257183 #2041]  INFO -- : 0:  coffee-script-source (1.8.0) from /Users/sikanrong/.rvm/gems/ruby-2.0.0-p353/specifications/coffee-script-source-1.8.0.gemspec
I, [2014-12-21T20:51:21.258740 #2041]  INFO -- : 0:  execjs (2.2.2) from /Users/sikanrong/.rvm/gems/ruby-2.0.0-p353/specifications/execjs-2.2.2.gemspec
I, [2014-12-21T20:51:21.259010 #2041]  INFO -- : 0:  coffee-script (2.3.0) from /Users/sikanrong/.rvm/gems/ruby-2.0.0-p353/specifications/coffee-script-2.3.0.gemspec
I, [2014-12-21T20:51:21.259706 #2041]  INFO -- : 0:  thor (0.19.1) from /Users/sikanrong/.rvm/gems/ruby-2.0.0-p353/specifications/thor-0.19.1.gemspec
I, [2014-12-21T20:51:21.260018 #2041]  INFO -- : 0:  railties (4.0.2) from /Users/sikanrong/.rvm/gems/ruby-2.0.0-p353/specifications/railties-4.0.2.gemspec
I, [2014-12-21T20:51:21.260309 #2041]  INFO -- : 0:  coffee-rails (4.0.1) from /Users/sikanrong/.rvm/gems/ruby-2.0.0-p353/specifications/coffee-rails-4.0.1.gemspec
I, [2014-12-21T20:51:21.260551 #2041]  INFO -- : 0:  hike (1.2.3) from /Users/sikanrong/.rvm/gems/ruby-2.0.0-p353/specifications/hike-1.2.3.gemspec
I, [2014-12-21T20:51:21.260789 #2041]  INFO -- : 0:  jbuilder (1.5.3) from /Users/sikanrong/.rvm/gems/ruby-2.0.0-p353/specifications/jbuilder-1.5.3.gemspec
I, [2014-12-21T20:51:21.261024 #2041]  INFO -- : 0:  jquery-rails (3.1.2) from /Users/sikanrong/.rvm/gems/ruby-2.0.0-p353/specifications/jquery-rails-3.1.2.gemspec
I, [2014-12-21T20:51:21.261265 #2041]  INFO -- : 0:  json (1.8.1) from /Users/sikanrong/.rvm/gems/ruby-2.0.0-p353/specifications/json-1.8.1.gemspec
I, [2014-12-21T20:51:21.261491 #2041]  INFO -- : 0:  bundler (1.5.1) from /Users/sikanrong/.rvm/gems/ruby-2.0.0-p353@global/specifications/bundler-1.5.1.gemspec
I, [2014-12-21T20:51:21.261726 #2041]  INFO -- : 0:  tilt (1.4.1) from /Users/sikanrong/.rvm/gems/ruby-2.0.0-p353/specifications/tilt-1.4.1.gemspec
I, [2014-12-21T20:51:21.261963 #2041]  INFO -- : 0:  sprockets (2.12.3) from /Users/sikanrong/.rvm/gems/ruby-2.0.0-p353@global/specifications/sprockets-2.12.3.gemspec
I, [2014-12-21T20:51:21.262183 #2041]  INFO -- : 0:  sprockets-rails (2.0.1) from /Users/sikanrong/.rvm/gems/ruby-2.0.0-p353/specifications/sprockets-rails-2.0.1.gemspec
I, [2014-12-21T20:51:21.262403 #2041]  INFO -- : 0:  rails (4.0.2) from /Users/sikanrong/.rvm/gems/ruby-2.0.0-p353/specifications/rails-4.0.2.gemspec
I, [2014-12-21T20:51:25.314220 #2041]  INFO -- : 0:  rdoc (4.2.0) from /Users/sikanrong/.rvm/gems/ruby-2.0.0-p353/specifications/rdoc-4.2.0.gemspec
I, [2014-12-21T20:51:25.314606 #2041]  INFO -- : 0:  sass (3.2.19) from /Users/sikanrong/.rvm/gems/ruby-2.0.0-p353/specifications/sass-3.2.19.gemspec
I, [2014-12-21T20:51:25.314879 #2041]  INFO -- : 0:  sass-rails (4.0.5) from /Users/sikanrong/.rvm/gems/ruby-2.0.0-p353@global/specifications/sass-rails-4.0.5.gemspec
I, [2014-12-21T20:51:25.315133 #2041]  INFO -- : 0:  sdoc (0.4.1) from /Users/sikanrong/.rvm/gems/ruby-2.0.0-p353/specifications/sdoc-0.4.1.gemspec
I, [2014-12-21T20:51:25.315428 #2041]  INFO -- : 0:  sqlite3 (1.3.10) from /Users/sikanrong/.rvm/gems/ruby-2.0.0-p353/specifications/sqlite3-1.3.10.gemspec
I, [2014-12-21T20:51:27.105968 #2041]  INFO -- : 0:  turbolinks (2.5.3) from /Users/sikanrong/.rvm/gems/ruby-2.0.0-p353/specifications/turbolinks-2.5.3.gemspec
I, [2014-12-21T20:51:29.333617 #2041]  INFO -- : 0:  uglifier (2.6.0) from /Users/sikanrong/.rvm/gems/ruby-2.0.0-p353/specifications/uglifier-2.6.0.gemspec
